[Mon Jul 28 11:49:09 AM PDT 2025] Starting backup...
tar: Removing leading `/' from member names
tar: /home/rajput-stuti/user-backup-project/home_backup_20250728_114909.tar.gz: file changed as we read it
[Mon Jul 28 11:49:10 AM PDT 2025] Backup failed.
[Mon Jul 28 11:49:26 AM PDT 2025] Starting backup...
tar: Removing leading `/' from member names
[Mon Jul 28 11:49:27 AM PDT 2025] Backup successful: /home/rajput-stuti/user-backup-project/home_backup_20250728_114926.tar.gz
[Mon Jul 28 11:49:27 AM PDT 2025] Size: 14M
[Mon Jul 28 11:49:39 AM PDT 2025] Starting backup...
tar: Removing leading `/' from member names
tar: /home/rajput-stuti/user-backup-project/home_backup_20250728_114939.tar.gz: file changed as we read it
[Mon Jul 28 11:49:45 AM PDT 2025] Backup failed.
[Mon Jul 28 11:49:52 AM PDT 2025] Starting backup...
tar: Removing leading `/' from member names
tar: /home/rajput-stuti/user-backup-project/home_backup_20250728_114952.tar.gz: file changed as we read it
[Mon Jul 28 11:50:03 AM PDT 2025] Backup failed.
[Mon Jul 28 11:50:16 AM PDT 2025] Starting backup...
tar: Removing leading `/' from member names
tar: /home/rajput-stuti/user-backup-project/home_backup_20250728_115016.tar.gz: file changed as we read it
[Tue Jul 29 08:19:13 AM PDT 2025] Starting backup...
tar: Removing leading `/' from member names
tar: /home/rajput-stuti/user-backup-project/home_backup_20250729_081913.tar.gz: file changed as we read it
[Tue Jul 29 08:20:35 AM PDT 2025] Backup failed.
[Tue Jul 29 08:22:23 AM PDT 2025] Starting backup...
tar: Removing leading `/' from member names
tar: /home/rajput-stuti/user-backup-project/home_backup_20250729_082223.tar.gz: file changed as we read it
[Tue Jul 29 08:24:28 AM PDT 2025] Backup failed.
[Tue Jul 29 08:56:45 AM PDT 2025] Starting backup...
tar: Removing leading `/' from member names
[Tue Jul 29 08:59:46 AM PDT 2025] Starting backup...
tar: Removing leading `/' from member names

gzip: stdout: No space left on device
tar: /home/rajput-stuti/user-backup-project/home_backup_20250729_085946.tar.gz: Wrote only 8192 of 10240 bytes
tar: Child returned status 1
tar: Error is not recoverable: exiting now
[Tue Jul 29 09:03:59 AM PDT 2025] Backup failed.
[Tue Jul 29 09:04:07 AM PDT 2025] Starting backup...
tar: Removing leading `/' from member names

gzip: stdout: No space left on device
tar: /home/rajput-stuti/user-backup-project/home_backup_20250729_090407.tar.gz: Wrote only 6144 of 10240 bytes
tar: Child returned status 1
tar: Error is not recoverable: exiting now
[Tue Jul 29 09:04:08 AM PDT 2025] Backup failed.
[Tue Jul 29 09:04:11 AM PDT 2025] Starting backup...
tar: Removing leading `/' from member names

gzip: stdout: No space left on device
tar: /home/rajput-stuti/user-backup-project/home_backup_20250729_090411.tar.gz: Wrote only 6144 of 10240 bytes
tar: Child returned status 1
tar: Error is not recoverable: exiting now
[Tue Jul 29 09:04:12 AM PDT 2025] Backup failed.
[Tue Jul 29 09:04:16 AM PDT 2025] Starting backup...
tar: Removing leading `/' from member names

gzip: stdout: No space left on device
tar: /home/rajput-stuti/user-backup-project/home_backup_20250729_090416.tar.gz: Wrote only 6144 of 10240 bytes
tar: Child returned status 1
tar: Error is not recoverable: exiting now
[Tue Jul 29 09:04:16 AM PDT 2025] Backup failed.
[Tue Jul 29 09:11:01 AM PDT 2025] Starting backup...
tar: Removing leading `/' from member names
[Tue Jul 29 09:11:03 AM PDT 2025] Backup successful: /home/rajput-stuti/user-backup-project/home_backup_20250729_091101.tar.gz
[Tue Jul 29 09:11:03 AM PDT 2025] Size: 1.4M
